Using pre-set license

 COMMAND LINE ARGUMENTS:
/Applications/Unity/Hub/Editor/2020.3.9f1/Unity.app/Contents/MacOS/Unity
-adb2
-batchMode
-noUpm
-name
AssetImportWorker0
-projectPath
/Users/ayxanagayev/Desktop/MusicalSamurai/Musical Samurai
-logFile
Logs/AssetImportWorker0.log
-srvPort
49203
Successfully changed project path to: /Users/ayxanagayev/Desktop/MusicalSamurai/Musical Samurai
/Users/ayxanagayev/Desktop/MusicalSamurai/Musical Samurai
Using Asset Import Pipeline V2.
Refreshing native plugins compatible for Editor in 33.98 ms, found 2 plugins.
Preloading 0 native plugins for Editor in 0.00 ms.
Initialize engine version: 2020.3.9f1 (108be757e447)
[Subsystems] Discovering subsystems at path /Applications/Unity/Hub/Editor/2020.3.9f1/Unity.app/Contents/Resources/UnitySubsystems
[Subsystems] Discovering subsystems at path /Users/ayxanagayev/Desktop/MusicalSamurai/Musical Samurai/Assets
GfxDevice: creating device client; threaded=0
2022-08-04 19:17:06.353 Unity[1100:22916] (null) preferred device: Apple M1 (high power)
2022-08-04 19:17:06.353 Unity[1100:22916] Metal devices available: 1
2022-08-04 19:17:06.353 Unity[1100:22916] 0: Apple M1 (high power)
2022-08-04 19:17:06.354 Unity[1100:22916] Using device Apple M1 (high power)
Initializing Metal device caps: Apple M1
Initialize mono
Mono path[0] = '/Applications/Unity/Hub/Editor/2020.3.9f1/Unity.app/Contents/Managed'
Mono path[1] = '/Applications/Unity/Hub/Editor/2020.3.9f1/Unity.app/Contents/MonoBleedingEdge/lib/mono/unityjit'
Mono config path = '/Applications/Unity/Hub/Editor/2020.3.9f1/Unity.app/Contents/MonoBleedingEdge/etc'
Using monoOptions --debugger-agent=transport=dt_socket,embedding=1,server=y,suspend=n,address=127.0.0.1:56100
Begin MonoManager ReloadAssembly
Registering precompiled unity dll's ...
Register platform support module: /Applications/Unity/Hub/Editor/2020.3.9f1/PlaybackEngines/WebGLSupport/UnityEditor.WebGL.Extensions.dll
Register platform support module: /Applications/Unity/Hub/Editor/2020.3.9f1/Unity.app/Contents/PlaybackEngines/MacStandaloneSupport/UnityEditor.OSXStandalone.Extensions.dll
Register platform support module: /Applications/Unity/Hub/Editor/2020.3.9f1/PlaybackEngines/WindowsStandaloneSupport/UnityEditor.WindowsStandalone.Extensions.dll
Registered in 0.001626 seconds.
Native extension for WindowsStandalone target not found
Native extension for OSXStandalone target not found
Native extension for WebGL target not found
Refreshing native plugins compatible for Editor in 38.70 ms, found 2 plugins.
Preloading 0 native plugins for Editor in 0.00 ms.
Mono: successfully reloaded assembly
- Completed reload, in  3.571 seconds
Platform modules already initialized, skipping
Registering precompiled user dll's ...
Registered in 0.001144 seconds.
Begin MonoManager ReloadAssembly
Native extension for WindowsStandalone target not found
Native extension for OSXStandalone target not found
Native extension for WebGL target not found
Refreshing native plugins compatible for Editor in 43.72 ms, found 2 plugins.
Preloading 0 native plugins for Editor in 0.00 ms.
Mono: successfully reloaded assembly
- Completed reload, in  1.839 seconds
Platform modules already initialized, skipping
========================================================================
Worker process is ready to serve import requests
Launching external process: /Applications/Unity/Hub/Editor/2020.3.9f1/Unity.app/Contents/Tools/UnityShaderCompiler
Launched and connected shader compiler UnityShaderCompiler after 0.02 seconds
Refreshing native plugins compatible for Editor in 0.34 ms, found 2 plugins.
Preloading 0 native plugins for Editor in 0.00 ms.
Unloading 1827 Unused Serialized files (Serialized files now loaded: 0)
System memory in use before: 154.2 MB.
System memory in use after: 154.1 MB.

Unloading 24 unused Assets to reduce memory usage. Loaded Objects now: 2271.
Total: 1.602625 ms (FindLiveObjects: 0.174292 ms CreateObjectMapping: 0.037917 ms MarkObjects: 1.276959 ms  DeleteObjects: 0.112458 ms)

========================================================================
Received Import Request.
  path: Assets/Scripts/PlayerMovement.cs
  artifactKey: Guid(2e04ad8a7fa2847319e80d28630c646b) Importer(815301076,1909f56bfc062723c751e8b465ee728b)
Start importing Assets/Scripts/PlayerMovement.cs using Guid(2e04ad8a7fa2847319e80d28630c646b) Importer(815301076,1909f56bfc062723c751e8b465ee728b)  -> (artifact id: '166f37bc37379b72e01cb3d1f578dd91') in 0.201953 seconds
  Import took 0.205145 seconds .

========================================================================
Received Import Request.
  Time since last request: 1.225918 seconds.
  path: Assets/AnimationControllers/PlayerPrefab.controller
  artifactKey: Guid(4e9f03fd3b84b41fbb8c5b705792feb0) Importer(815301076,1909f56bfc062723c751e8b465ee728b)
Start importing Assets/AnimationControllers/PlayerPrefab.controller using Guid(4e9f03fd3b84b41fbb8c5b705792feb0) Importer(815301076,1909f56bfc062723c751e8b465ee728b)  -> (artifact id: 'c085d0852eab5d06899e124c5f7b12d4') in 0.605415 seconds
  Import took 0.608345 seconds .

